<?xml version="1.0" encoding="UTF-8"?>
<testng-results skipped="0" failed="4" ignored="0" total="5" passed="1">
  <reporter-output>
    <line>
      <![CDATA[<a href=/screenshots/C:\Users\T3j45\eclipse-workspace\StackOverFlow_TestNG\screenshot_1591008729150.png><img src=/screenshots/C:\Users\T3j45\eclipse-workspace\StackOverFlow_TestNG\screenshot_1591008729150.png style=width:100px;height:100px;/>C:\Users\T3j45\eclipse-workspace\StackOverFlow_TestNG\screenshot_1591008729150.png</a><br/>]]>
    </line>
    <line>
      <![CDATA[<a href=/screenshots/C:\Users\T3j45\eclipse-workspace\StackOverFlow_TestNG\screenshot_1591008752221.png><img src=/screenshots/C:\Users\T3j45\eclipse-workspace\StackOverFlow_TestNG\screenshot_1591008752221.png style=width:100px;height:100px;/>C:\Users\T3j45\eclipse-workspace\StackOverFlow_TestNG\screenshot_1591008752221.png</a><br/>]]>
    </line>
    <line>
      <![CDATA[<a href=/screenshots/C:\Users\T3j45\eclipse-workspace\StackOverFlow_TestNG\screenshot_1591008775167.png><img src=/screenshots/C:\Users\T3j45\eclipse-workspace\StackOverFlow_TestNG\screenshot_1591008775167.png style=width:100px;height:100px;/>C:\Users\T3j45\eclipse-workspace\StackOverFlow_TestNG\screenshot_1591008775167.png</a><br/>]]>
    </line>
    <line>
      <![CDATA[<a href=/screenshots/C:\Users\T3j45\eclipse-workspace\StackOverFlow_TestNG\screenshot_1591008806130.png><img src=/screenshots/C:\Users\T3j45\eclipse-workspace\StackOverFlow_TestNG\screenshot_1591008806130.png style=width:100px;height:100px;/>C:\Users\T3j45\eclipse-workspace\StackOverFlow_TestNG\screenshot_1591008806130.png</a><br/>]]>
    </line>
    <line>
      <![CDATA[<a href=/screenshots/C:\Users\T3j45\eclipse-workspace\StackOverFlow_TestNG\screenshot_1591008846732.png><img src=/screenshots/C:\Users\T3j45\eclipse-workspace\StackOverFlow_TestNG\screenshot_1591008846732.png style=width:100px;height:100px;/>C:\Users\T3j45\eclipse-workspace\StackOverFlow_TestNG\screenshot_1591008846732.png</a><br/>]]>
    </line>
  </reporter-output>
  <suite name="Default suite" duration-ms="149924" started-at="2020-06-01T16:21:37 IST" finished-at="2020-06-01T16:24:07 IST">
    <groups>
      <group name="cucumber">
        <method signature="AbstractTestNGCucumberTests.runScenario(io.cucumber.testng.PickleWrapper, io.cucumber.testng.FeatureWrapper)[pri:0, instance:testrunner.Runner@670b40af]" name="runScenario" class="io.cucumber.testng.AbstractTestNGCucumberTests"/>
      </group> <!-- cucumber -->
    </groups>
    <test name="Default test" duration-ms="149924" started-at="2020-06-01T16:21:37 IST" finished-at="2020-06-01T16:24:07 IST">
      <class name="testrunner.Runner">
        <test-method status="PASS" signature="setUpClass()[pri:0, instance:testrunner.Runner@670b40af]" name="setUpClass" is-config="true" duration-ms="383" started-at="2020-06-01T16:21:38 IST" finished-at="2020-06-01T16:21:38 IST">
          <reporter-output>
          </reporter-output>
        </test-method> <!-- setUpClass -->
        <test-method status="PASS" signature="runScenario(io.cucumber.testng.PickleWrapper, io.cucumber.testng.FeatureWrapper)[pri:0, instance:testrunner.Runner@670b40af]" name="runScenario" duration-ms="32182" started-at="2020-06-01T16:21:38 IST" description="Runs Cucumber Scenarios" data-provider="scenarios" finished-at="2020-06-01T16:22:10 IST">
          <params>
            <param index="0">
              <value>
                <![CDATA["Login in StackOverflow"]]>
              </value>
            </param>
            <param index="1">
              <value>
                <![CDATA["Login"]]>
              </value>
            </param>
          </params>
          <reporter-output>
            <line>
              <![CDATA[<a href=/screenshots/C:\Users\T3j45\eclipse-workspace\StackOverFlow_TestNG\screenshot_1591008729150.png><img src=/screenshots/C:\Users\T3j45\eclipse-workspace\StackOverFlow_TestNG\screenshot_1591008729150.png style=width:100px;height:100px;/>C:\Users\T3j45\eclipse-workspace\StackOverFlow_TestNG\screenshot_1591008729150.png</a><br/>]]>
            </line>
          </reporter-output>
        </test-method> <!-- runScenario -->
        <test-method status="FAIL" signature="runScenario(io.cucumber.testng.PickleWrapper, io.cucumber.testng.FeatureWrapper)[pri:0, instance:testrunner.Runner@670b40af]" name="runScenario" duration-ms="22043" started-at="2020-06-01T16:22:10 IST" description="Runs Cucumber Scenarios" data-provider="scenarios" finished-at="2020-06-01T16:22:32 IST">
          <params>
            <param index="0">
              <value>
                <![CDATA["Login in StackOverflow"]]>
              </value>
            </param>
            <param index="1">
              <value>
                <![CDATA["Login"]]>
              </value>
            </param>
          </params>
          <exception class="java.lang.AssertionError">
            <message>
              <![CDATA[expected [true] but found [false]]]>
            </message>
            <full-stacktrace>
              <![CDATA[java.lang.AssertionError: expected [true] but found [false]
at org.testng.Assert.fail(Assert.java:97)
at org.testng.Assert.failNotEquals(Assert.java:969)
at org.testng.Assert.assertTrue(Assert.java:43)
at org.testng.Assert.assertTrue(Assert.java:53)
at testrunner.Steps.page_titles_should_be(Steps.java:59)
at ✽.Page titles should be "Stack Overflow - Where Developers Learn, Share, & Build Careers"(classpath:testrunner/LoginWithData.feature:8)
]]>
            </full-stacktrace>
          </exception> <!-- java.lang.AssertionError -->
          <reporter-output>
            <line>
              <![CDATA[<a href=/screenshots/C:\Users\T3j45\eclipse-workspace\StackOverFlow_TestNG\screenshot_1591008752221.png><img src=/screenshots/C:\Users\T3j45\eclipse-workspace\StackOverFlow_TestNG\screenshot_1591008752221.png style=width:100px;height:100px;/>C:\Users\T3j45\eclipse-workspace\StackOverFlow_TestNG\screenshot_1591008752221.png</a><br/>]]>
            </line>
          </reporter-output>
        </test-method> <!-- runScenario -->
        <test-method status="FAIL" signature="runScenario(io.cucumber.testng.PickleWrapper, io.cucumber.testng.FeatureWrapper)[pri:0, instance:testrunner.Runner@670b40af]" name="runScenario" duration-ms="22989" started-at="2020-06-01T16:22:32 IST" description="Runs Cucumber Scenarios" data-provider="scenarios" finished-at="2020-06-01T16:22:55 IST">
          <params>
            <param index="0">
              <value>
                <![CDATA["Login in StackOverflow"]]>
              </value>
            </param>
            <param index="1">
              <value>
                <![CDATA["Login"]]>
              </value>
            </param>
          </params>
          <exception class="java.lang.AssertionError">
            <message>
              <![CDATA[expected [true] but found [false]]]>
            </message>
            <full-stacktrace>
              <![CDATA[java.lang.AssertionError: expected [true] but found [false]
at org.testng.Assert.fail(Assert.java:97)
at org.testng.Assert.failNotEquals(Assert.java:969)
at org.testng.Assert.assertTrue(Assert.java:43)
at org.testng.Assert.assertTrue(Assert.java:53)
at testrunner.Steps.page_titles_should_be(Steps.java:63)
at ✽.Page titles should be "Stack Overflow - Where Developers Learn, Share, & Build Careers"(classpath:testrunner/LoginWithData.feature:8)
]]>
            </full-stacktrace>
          </exception> <!-- java.lang.AssertionError -->
          <reporter-output>
            <line>
              <![CDATA[<a href=/screenshots/C:\Users\T3j45\eclipse-workspace\StackOverFlow_TestNG\screenshot_1591008775167.png><img src=/screenshots/C:\Users\T3j45\eclipse-workspace\StackOverFlow_TestNG\screenshot_1591008775167.png style=width:100px;height:100px;/>C:\Users\T3j45\eclipse-workspace\StackOverFlow_TestNG\screenshot_1591008775167.png</a><br/>]]>
            </line>
          </reporter-output>
        </test-method> <!-- runScenario -->
        <test-method status="FAIL" signature="runScenario(io.cucumber.testng.PickleWrapper, io.cucumber.testng.FeatureWrapper)[pri:0, instance:testrunner.Runner@670b40af]" name="runScenario" duration-ms="31113" started-at="2020-06-01T16:22:55 IST" description="Runs Cucumber Scenarios" data-provider="scenarios" finished-at="2020-06-01T16:23:26 IST">
          <params>
            <param index="0">
              <value>
                <![CDATA["Login in StackOverflow"]]>
              </value>
            </param>
            <param index="1">
              <value>
                <![CDATA["Login"]]>
              </value>
            </param>
          </params>
          <exception class="java.lang.AssertionError">
            <message>
              <![CDATA[expected [Stack Overflow - Where Developers Learn, Share, & Build Careers] but found [Log In - Stack Overflow]]]>
            </message>
            <full-stacktrace>
              <![CDATA[java.lang.AssertionError: expected [Stack Overflow - Where Developers Learn, Share, & Build Careers] but found [Log In - Stack Overflow]
at org.testng.Assert.fail(Assert.java:97)
at org.testng.Assert.assertEqualsImpl(Assert.java:136)
at org.testng.Assert.assertEquals(Assert.java:118)
at org.testng.Assert.assertEquals(Assert.java:575)
at org.testng.Assert.assertEquals(Assert.java:585)
at testrunner.Steps.page_titles_should_be(Steps.java:68)
at ✽.Page titles should be "Stack Overflow - Where Developers Learn, Share, & Build Careers"(classpath:testrunner/LoginWithData.feature:8)
]]>
            </full-stacktrace>
          </exception> <!-- java.lang.AssertionError -->
          <reporter-output>
            <line>
              <![CDATA[<a href=/screenshots/C:\Users\T3j45\eclipse-workspace\StackOverFlow_TestNG\screenshot_1591008806130.png><img src=/screenshots/C:\Users\T3j45\eclipse-workspace\StackOverFlow_TestNG\screenshot_1591008806130.png style=width:100px;height:100px;/>C:\Users\T3j45\eclipse-workspace\StackOverFlow_TestNG\screenshot_1591008806130.png</a><br/>]]>
            </line>
          </reporter-output>
        </test-method> <!-- runScenario -->
        <test-method status="FAIL" signature="runScenario(io.cucumber.testng.PickleWrapper, io.cucumber.testng.FeatureWrapper)[pri:0, instance:testrunner.Runner@670b40af]" name="runScenario" duration-ms="40578" started-at="2020-06-01T16:23:26 IST" description="Runs Cucumber Scenarios" data-provider="scenarios" finished-at="2020-06-01T16:24:07 IST">
          <params>
            <param index="0">
              <value>
                <![CDATA["Login in StackOverflow"]]>
              </value>
            </param>
            <param index="1">
              <value>
                <![CDATA["Login"]]>
              </value>
            </param>
          </params>
          <exception class="java.lang.AssertionError">
            <message>
              <![CDATA[expected [true] but found [false]]]>
            </message>
            <full-stacktrace>
              <![CDATA[java.lang.AssertionError: expected [true] but found [false]
at org.testng.Assert.fail(Assert.java:97)
at org.testng.Assert.failNotEquals(Assert.java:969)
at org.testng.Assert.assertTrue(Assert.java:43)
at org.testng.Assert.assertTrue(Assert.java:53)
at testrunner.Steps.page_titles_should_be(Steps.java:63)
at ✽.Page titles should be "Stack Overflow - Where Developers Learn, Share, & Build Careers"(classpath:testrunner/LoginWithData.feature:8)
]]>
            </full-stacktrace>
          </exception> <!-- java.lang.AssertionError -->
          <reporter-output>
            <line>
              <![CDATA[<a href=/screenshots/C:\Users\T3j45\eclipse-workspace\StackOverFlow_TestNG\screenshot_1591008846732.png><img src=/screenshots/C:\Users\T3j45\eclipse-workspace\StackOverFlow_TestNG\screenshot_1591008846732.png style=width:100px;height:100px;/>C:\Users\T3j45\eclipse-workspace\StackOverFlow_TestNG\screenshot_1591008846732.png</a><br/>]]>
            </line>
          </reporter-output>
        </test-method> <!-- runScenario -->
        <test-method status="PASS" signature="tearDownClass()[pri:0, instance:testrunner.Runner@670b40af]" name="tearDownClass" is-config="true" duration-ms="412" started-at="2020-06-01T16:24:07 IST" finished-at="2020-06-01T16:24:07 IST">
          <reporter-output>
          </reporter-output>
        </test-method> <!-- tearDownClass -->
      </class> <!-- testrunner.Runner -->
    </test> <!-- Default test -->
  </suite> <!-- Default suite -->
</testng-results>
